This is pdfTeX, Version 3.14159265-2.6-1.40.21 (MiKTeX 20.6.29) (preloaded format=pdflatex 2020.9.11)  26 OCT 2021 01:18
entering extended mode
**./main.tex
(main.tex
LaTeX2e <2020-02-02> patch level 5
L3 programming layer <2020-06-18>
("C:\Program Files\MiKTeX\tex/latex/base\article.cls"
Document Class: article 2019/12/20 v1.4l Standard LaTeX document class
("C:\Program Files\MiKTeX\tex/latex/base\size10.clo"
File: size10.clo 2019/12/20 v1.4l Standard LaTeX file (size option)
)
\c@part=\count167
\c@section=\count168
\c@subsection=\count169
\c@subsubsection=\count170
\c@paragraph=\count171
\c@subparagraph=\count172
\c@figure=\count173
\c@table=\count174
\abovecaptionskip=\skip47
\belowcaptionskip=\skip48
\bibindent=\dimen134
) (Preamble.tex
("C:\Program Files\MiKTeX\tex/latex/amsfonts\amssymb.sty"
Package: amssymb 2013/01/14 v3.01 AMS font symbols

("C:\Program Files\MiKTeX\tex/latex/amsfonts\amsfonts.sty"
Package: amsfonts 2013/01/14 v3.01 Basic AMSFonts support
\@emptytoks=\toks15
\symAMSa=\mathgroup4
\symAMSb=\mathgroup5
LaTeX Font Info:    Redeclaring math symbol \hbar on input line 98.
LaTeX Font Info:    Overwriting math alphabet `\mathfrak' in version `bold'
(Font)                  U/euf/m/n --> U/euf/b/n on input line 106.
))
(C:\Users\Yevhen\AppData\Roaming\MiKTeX\tex/latex/amscls\amsthm.sty
Package: amsthm 2020/05/29 v2.20.6
\thm@style=\toks16
\thm@bodyfont=\toks17
\thm@headfont=\toks18
\thm@notefont=\toks19
\thm@headpunct=\toks20
\thm@preskip=\skip49
\thm@postskip=\skip50
\thm@headsep=\skip51
\dth@everypar=\toks21
)
("C:\Program Files\MiKTeX\tex/latex/amsmath\amsmath.sty"
Package: amsmath 2020/01/20 v2.17e AMS math features
\@mathmargin=\skip52

For additional information on amsmath, use the `?' option.
("C:\Program Files\MiKTeX\tex/latex/amsmath\amstext.sty"
Package: amstext 2000/06/29 v2.01 AMS text

("C:\Program Files\MiKTeX\tex/latex/amsmath\amsgen.sty"
File: amsgen.sty 1999/11/30 v2.0 generic functions
\@emptytoks=\toks22
\ex@=\dimen135
))
("C:\Program Files\MiKTeX\tex/latex/amsmath\amsbsy.sty"
Package: amsbsy 1999/11/29 v1.2d Bold Symbols
\pmbraise@=\dimen136
)
("C:\Program Files\MiKTeX\tex/latex/amsmath\amsopn.sty"
Package: amsopn 2016/03/08 v2.02 operator names
)
\inf@bad=\count175
LaTeX Info: Redefining \frac on input line 227.
\uproot@=\count176
\leftroot@=\count177
LaTeX Info: Redefining \overline on input line 389.
\classnum@=\count178
\DOTSCASE@=\count179
LaTeX Info: Redefining \ldots on input line 486.
LaTeX Info: Redefining \dots on input line 489.
LaTeX Info: Redefining \cdots on input line 610.
\Mathstrutbox@=\box45
\strutbox@=\box46
\big@size=\dimen137
LaTeX Font Info:    Redeclaring font encoding OML on input line 733.
LaTeX Font Info:    Redeclaring font encoding OMS on input line 734.
\macc@depth=\count180
\c@MaxMatrixCols=\count181
\dotsspace@=\muskip16
\c@parentequation=\count182
\dspbrk@lvl=\count183
\tag@help=\toks23
\row@=\count184
\column@=\count185
\maxfields@=\count186
\andhelp@=\toks24
\eqnshift@=\dimen138
\alignsep@=\dimen139
\tagshift@=\dimen140
\tagwidth@=\dimen141
\totwidth@=\dimen142
\lineht@=\dimen143
\@envbody=\toks25
\multlinegap=\skip53
\multlinetaggap=\skip54
\mathdisplay@stack=\toks26
LaTeX Info: Redefining \[ on input line 2859.
LaTeX Info: Redefining \] on input line 2860.
)
(C:\Users\Yevhen\AppData\Roaming\MiKTeX\tex/latex/calculator\calculator.sty
Package: calculator 2014/02/20 v.2.0
\cctr@lengtha=\dimen144
\cctr@lengthb=\dimen145
\cctr@epsilon=\dimen146
)
(C:\Users\Yevhen\AppData\Roaming\MiKTeX\tex/latex/mathtools\mathtools.sty
Package: mathtools 2021/04/12 v1.27 mathematical typesetting tools

("C:\Program Files\MiKTeX\tex/latex/graphics\keyval.sty"
Package: keyval 2014/10/28 v1.15 key=value parser (DPC)
\KV@toks@=\toks27
)
("C:\Program Files\MiKTeX\tex/latex/tools\calc.sty"
Package: calc 2017/05/25 v4.3 Infix arithmetic (KKT,FJ)
\calc@Acount=\count187
\calc@Bcount=\count188
\calc@Adimen=\dimen147
\calc@Bdimen=\dimen148
\calc@Askip=\skip55
\calc@Bskip=\skip56
LaTeX Info: Redefining \setlength on input line 80.
LaTeX Info: Redefining \addtolength on input line 81.
\calc@Ccount=\count189
\calc@Cskip=\skip57
)
(C:\Users\Yevhen\AppData\Roaming\MiKTeX\tex/latex/mathtools\mhsetup.sty
Package: mhsetup 2021/03/18 v1.4 programming setup (MH)
)
LaTeX Info: Thecontrolsequence`\('isalreadyrobust on input line 130.
LaTeX Info: Thecontrolsequence`\)'isalreadyrobust on input line 130.
LaTeX Info: Thecontrolsequence`\['isalreadyrobust on input line 130.
LaTeX Info: Thecontrolsequence`\]'isalreadyrobust on input line 130.
\g_MT_multlinerow_int=\count190
\l_MT_multwidth_dim=\dimen149
\origjot=\skip58
\l_MT_shortvdotswithinadjustabove_dim=\dimen150
\l_MT_shortvdotswithinadjustbelow_dim=\dimen151
\l_MT_above_intertext_sep=\dimen152
\l_MT_below_intertext_sep=\dimen153
\l_MT_above_shortintertext_sep=\dimen154
\l_MT_below_shortintertext_sep=\dimen155
\xmathstrut@box=\box47
\xmathstrut@dim=\dimen156
)
(C:\Users\Yevhen\AppData\Roaming\MiKTeX\tex/latex/fancyhdr\fancyhdr.sty
Package: fancyhdr 2021/01/28 v4.0.1 Extensive control of page headers and foote
rs
\f@nch@headwidth=\skip59
\f@nch@O@elh=\skip60
\f@nch@O@erh=\skip61
\f@nch@O@olh=\skip62
\f@nch@O@orh=\skip63
\f@nch@O@elf=\skip64
\f@nch@O@erf=\skip65
\f@nch@O@olf=\skip66
\f@nch@O@orf=\skip67
)
("C:\Program Files\MiKTeX\tex/latex/hyperref\hyperref.sty"
Package: hyperref 2020-05-15 v7.00e Hypertext links for LaTeX

(C:\Users\Yevhen\AppData\Roaming\MiKTeX\tex/generic/ltxcmds\ltxcmds.sty
Package: ltxcmds 2019/12/15 v1.24 LaTeX kernel commands for general use (HO)
)
("C:\Program Files\MiKTeX\tex/generic/iftex\iftex.sty"
Package: iftex 2020/03/06 v1.0d TeX engine tests
)
("C:\Program Files\MiKTeX\tex/generic/pdftexcmds\pdftexcmds.sty"
Package: pdftexcmds 2020-06-27 v0.33 Utility functions of pdfTeX for LuaTeX (HO
)

(C:\Users\Yevhen\AppData\Roaming\MiKTeX\tex/generic/infwarerr\infwarerr.sty
Package: infwarerr 2019/12/03 v1.5 Providing info/warning/error messages (HO)
)
Package pdftexcmds Info: \pdf@primitive is available.
Package pdftexcmds Info: \pdf@ifprimitive is available.
Package pdftexcmds Info: \pdfdraftmode found.
)
(C:\Users\Yevhen\AppData\Roaming\MiKTeX\tex/generic/kvsetkeys\kvsetkeys.sty
Package: kvsetkeys 2019/12/15 v1.18 Key value parser (HO)
)
(C:\Users\Yevhen\AppData\Roaming\MiKTeX\tex/generic/kvdefinekeys\kvdefinekeys.s
ty
Package: kvdefinekeys 2019-12-19 v1.6 Define keys (HO)
) (C:\Users\Yevhen\AppData\Roaming\MiKTeX\tex/generic/pdfescape\pdfescape.sty
Package: pdfescape 2019/12/09 v1.15 Implements pdfTeX's escape features (HO)
) (C:\Users\Yevhen\AppData\Roaming\MiKTeX\tex/latex/hycolor\hycolor.sty
Package: hycolor 2020-01-27 v1.10 Color options for hyperref/bookmark (HO)
)
(C:\Users\Yevhen\AppData\Roaming\MiKTeX\tex/latex/letltxmacro\letltxmacro.sty
Package: letltxmacro 2019/12/03 v1.6 Let assignment for LaTeX macros (HO)
)
(C:\Users\Yevhen\AppData\Roaming\MiKTeX\tex/latex/auxhook\auxhook.sty
Package: auxhook 2019-12-17 v1.6 Hooks for auxiliary files (HO)
)
(C:\Users\Yevhen\AppData\Roaming\MiKTeX\tex/latex/kvoptions\kvoptions.sty
Package: kvoptions 2019/11/29 v3.13 Key value format for package options (HO)
)
\@linkdim=\dimen157
\Hy@linkcounter=\count191
\Hy@pagecounter=\count192

("C:\Program Files\MiKTeX\tex/latex/hyperref\pd1enc.def"
File: pd1enc.def 2020-05-15 v7.00e Hyperref: PDFDocEncoding definition (HO)
Now handling font encoding PD1 ...
... no UTF-8 mapping file for font encoding PD1
)
(C:\Users\Yevhen\AppData\Roaming\MiKTeX\tex/generic/intcalc\intcalc.sty
Package: intcalc 2019/12/15 v1.3 Expandable calculations with integers (HO)
)
(C:\Users\Yevhen\AppData\Roaming\MiKTeX\tex/generic/etexcmds\etexcmds.sty
Package: etexcmds 2019/12/15 v1.7 Avoid name clashes with e-TeX commands (HO)
)
\Hy@SavedSpaceFactor=\count193
Package hyperref Info: Hyper figures OFF on input line 4464.
Package hyperref Info: Link nesting OFF on input line 4469.
Package hyperref Info: Hyper index ON on input line 4472.
Package hyperref Info: Plain pages OFF on input line 4479.
Package hyperref Info: Backreferencing OFF on input line 4484.
Package hyperref Info: Implicit mode ON; LaTeX internals redefined.
Package hyperref Info: Bookmarks ON on input line 4717.
\c@Hy@tempcnt=\count194

("C:\Program Files\MiKTeX\tex/latex/url\url.sty"
\Urlmuskip=\muskip17
Package: url 2013/09/16  ver 3.4  Verb mode for urls, etc.
)
LaTeX Info: Redefining \url on input line 5076.
\XeTeXLinkMargin=\dimen158

(C:\Users\Yevhen\AppData\Roaming\MiKTeX\tex/generic/bitset\bitset.sty
Package: bitset 2019/12/09 v1.3 Handle bit-vector datatype (HO)

(C:\Users\Yevhen\AppData\Roaming\MiKTeX\tex/generic/bigintcalc\bigintcalc.sty
Package: bigintcalc 2019/12/15 v1.5 Expandable calculations on big integers (HO
)
))
\Fld@menulength=\count195
\Field@Width=\dimen159
\Fld@charsize=\dimen160
Package hyperref Info: Hyper figures OFF on input line 6347.
Package hyperref Info: Link nesting OFF on input line 6352.
Package hyperref Info: Hyper index ON on input line 6355.
Package hyperref Info: backreferencing OFF on input line 6362.
Package hyperref Info: Link coloring OFF on input line 6367.
Package hyperref Info: Link coloring with OCG OFF on input line 6372.
Package hyperref Info: PDF/A mode OFF on input line 6377.
LaTeX Info: Redefining \ref on input line 6417.
LaTeX Info: Redefining \pageref on input line 6421.
(C:\Users\Yevhen\AppData\Roaming\MiKTeX\tex/generic/atbegshi\atbegshi.sty
Package: atbegshi 2019/12/05 v1.19 At begin shipout hook (HO)
)
\Hy@abspage=\count196
\c@Item=\count197
\c@Hfootnote=\count198
)
Package hyperref Info: Driver (autodetected): hpdftex.

("C:\Program Files\MiKTeX\tex/latex/hyperref\hpdftex.def"
File: hpdftex.def 2020-05-15 v7.00e Hyperref driver for pdfTeX

(C:\Users\Yevhen\AppData\Roaming\MiKTeX\tex/latex/atveryend\atveryend.sty
Package: atveryend 2019-12-11 v1.11 Hooks at the very end of document (HO)
Package atveryend Info: \enddocument detected (standard20110627).
)
\Fld@listcount=\count199
\c@bookmark@seq@number=\count266

(C:\Users\Yevhen\AppData\Roaming\MiKTeX\tex/latex/rerunfilecheck\rerunfilecheck
.sty
Package: rerunfilecheck 2019/12/05 v1.9 Rerun checks for auxiliary files (HO)

(C:\Users\Yevhen\AppData\Roaming\MiKTeX\tex/generic/uniquecounter\uniquecounter
.sty
Package: uniquecounter 2019/12/15 v1.4 Provide unlimited unique counter (HO)
)
Package uniquecounter Info: New unique counter `rerunfilecheck' on input line 2
86.
)
\Hy@SectionHShift=\skip68
) (C:\Users\Yevhen\AppData\Roaming\MiKTeX\tex/latex/lastpage\lastpage.sty
Package: lastpage 2021/09/03 v1.2n Refers to last page's name (HMM; JPG)
) ("C:\Program Files\MiKTeX\tex/latex/pgf/basiclayer\pgf.sty"
("C:\Program Files\MiKTeX\tex/latex/pgf/utilities\pgfrcs.sty"
("C:\Program Files\MiKTeX\tex/generic/pgf/utilities\pgfutil-common.tex"
\pgfutil@everybye=\toks28
\pgfutil@tempdima=\dimen161
\pgfutil@tempdimb=\dimen162

("C:\Program Files\MiKTeX\tex/generic/pgf/utilities\pgfutil-common-lists.tex"))
("C:\Program Files\MiKTeX\tex/generic/pgf/utilities\pgfutil-latex.def"
\pgfutil@abb=\box48

("C:\Program Files\MiKTeX\tex/latex/ms\everyshi.sty"
Package: everyshi 2001/05/15 v3.00 EveryShipout Package (MS)
))
("C:\Program Files\MiKTeX\tex/generic/pgf/utilities\pgfrcs.code.tex"
("C:\Program Files\MiKTeX\tex/generic/pgf\pgf.revision.tex")
Package: pgfrcs 2020/01/08 v3.1.5b (3.1.5b)
))
Package: pgf 2020/01/08 v3.1.5b (3.1.5b)

("C:\Program Files\MiKTeX\tex/latex/pgf/basiclayer\pgfcore.sty"
("C:\Program Files\MiKTeX\tex/latex/graphics\graphicx.sty"
Package: graphicx 2019/11/30 v1.2a Enhanced LaTeX Graphics (DPC,SPQR)

("C:\Program Files\MiKTeX\tex/latex/graphics\graphics.sty"
Package: graphics 2019/11/30 v1.4a Standard LaTeX Graphics (DPC,SPQR)

("C:\Program Files\MiKTeX\tex/latex/graphics\trig.sty"
Package: trig 2016/01/03 v1.10 sin cos tan (DPC)
)
("C:\Program Files\MiKTeX\tex/latex/graphics-cfg\graphics.cfg"
File: graphics.cfg 2016/06/04 v1.11 sample graphics configuration
)
Package graphics Info: Driver file: pdftex.def on input line 105.

("C:\Program Files\MiKTeX\tex/latex/graphics-def\pdftex.def"
File: pdftex.def 2018/01/08 v1.0l Graphics/color driver for pdftex
))
\Gin@req@height=\dimen163
\Gin@req@width=\dimen164
)
("C:\Program Files\MiKTeX\tex/latex/pgf/systemlayer\pgfsys.sty"
("C:\Program Files\MiKTeX\tex/generic/pgf/systemlayer\pgfsys.code.tex"
Package: pgfsys 2020/01/08 v3.1.5b (3.1.5b)

("C:\Program Files\MiKTeX\tex/generic/pgf/utilities\pgfkeys.code.tex"
\pgfkeys@pathtoks=\toks29
\pgfkeys@temptoks=\toks30

("C:\Program Files\MiKTeX\tex/generic/pgf/utilities\pgfkeysfiltered.code.tex"
\pgfkeys@tmptoks=\toks31
))
\pgf@x=\dimen165
\pgf@y=\dimen166
\pgf@xa=\dimen167
\pgf@ya=\dimen168
\pgf@xb=\dimen169
\pgf@yb=\dimen170
\pgf@xc=\dimen171
\pgf@yc=\dimen172
\pgf@xd=\dimen173
\pgf@yd=\dimen174
\w@pgf@writea=\write3
\r@pgf@reada=\read2
\c@pgf@counta=\count267
\c@pgf@countb=\count268
\c@pgf@countc=\count269
\c@pgf@countd=\count270
\t@pgf@toka=\toks32
\t@pgf@tokb=\toks33
\t@pgf@tokc=\toks34
\pgf@sys@id@count=\count271
("C:\Program Files\MiKTeX\tex/generic/pgf/systemlayer\pgf.cfg"
File: pgf.cfg 2020/01/08 v3.1.5b (3.1.5b)
)
Driver file for pgf: pgfsys-pdftex.def

("C:\Program Files\MiKTeX\tex/generic/pgf/systemlayer\pgfsys-pdftex.def"
File: pgfsys-pdftex.def 2020/01/08 v3.1.5b (3.1.5b)

("C:\Program Files\MiKTeX\tex/generic/pgf/systemlayer\pgfsys-common-pdf.def"
File: pgfsys-common-pdf.def 2020/01/08 v3.1.5b (3.1.5b)
))) ("C:\Program Files\MiKTeX\tex/generic/pgf/systemlayer\pgfsyssoftpath.code.t
ex"
File: pgfsyssoftpath.code.tex 2020/01/08 v3.1.5b (3.1.5b)
\pgfsyssoftpath@smallbuffer@items=\count272
\pgfsyssoftpath@bigbuffer@items=\count273
) ("C:\Program Files\MiKTeX\tex/generic/pgf/systemlayer\pgfsysprotocol.code.tex
"
File: pgfsysprotocol.code.tex 2020/01/08 v3.1.5b (3.1.5b)
)) ("C:\Program Files\MiKTeX\tex/latex/xcolor\xcolor.sty"
Package: xcolor 2016/05/11 v2.12 LaTeX color extensions (UK)

("C:\Program Files\MiKTeX\tex/latex/graphics-cfg\color.cfg"
File: color.cfg 2016/01/02 v1.6 sample color configuration
)
Package xcolor Info: Driver file: pdftex.def on input line 225.
Package xcolor Info: Model `cmy' substituted by `cmy0' on input line 1348.
Package xcolor Info: Model `hsb' substituted by `rgb' on input line 1352.
Package xcolor Info: Model `RGB' extended on input line 1364.
Package xcolor Info: Model `HTML' substituted by `rgb' on input line 1366.
Package xcolor Info: Model `Hsb' substituted by `hsb' on input line 1367.
Package xcolor Info: Model `tHsb' substituted by `hsb' on input line 1368.
Package xcolor Info: Model `HSB' substituted by `hsb' on input line 1369.
Package xcolor Info: Model `Gray' substituted by `gray' on input line 1370.
Package xcolor Info: Model `wave' substituted by `hsb' on input line 1371.
)
("C:\Program Files\MiKTeX\tex/generic/pgf/basiclayer\pgfcore.code.tex"
Package: pgfcore 2020/01/08 v3.1.5b (3.1.5b)

("C:\Program Files\MiKTeX\tex/generic/pgf/math\pgfmath.code.tex"
("C:\Program Files\MiKTeX\tex/generic/pgf/math\pgfmathcalc.code.tex"
("C:\Program Files\MiKTeX\tex/generic/pgf/math\pgfmathutil.code.tex")
("C:\Program Files\MiKTeX\tex/generic/pgf/math\pgfmathparser.code.tex"
\pgfmath@dimen=\dimen175
\pgfmath@count=\count274
\pgfmath@box=\box49
\pgfmath@toks=\toks35
\pgfmath@stack@operand=\toks36
\pgfmath@stack@operation=\toks37
)
("C:\Program Files\MiKTeX\tex/generic/pgf/math\pgfmathfunctions.code.tex"
("C:\Program Files\MiKTeX\tex/generic/pgf/math\pgfmathfunctions.basic.code.tex"
)
("C:\Program Files\MiKTeX\tex/generic/pgf/math\pgfmathfunctions.trigonometric.c
ode.tex")
("C:\Program Files\MiKTeX\tex/generic/pgf/math\pgfmathfunctions.random.code.tex
")
("C:\Program Files\MiKTeX\tex/generic/pgf/math\pgfmathfunctions.comparison.code
.tex")
("C:\Program Files\MiKTeX\tex/generic/pgf/math\pgfmathfunctions.base.code.tex")
("C:\Program Files\MiKTeX\tex/generic/pgf/math\pgfmathfunctions.round.code.tex"
) ("C:\Program Files\MiKTeX\tex/generic/pgf/math\pgfmathfunctions.misc.code.tex
")
("C:\Program Files\MiKTeX\tex/generic/pgf/math\pgfmathfunctions.integerarithmet
ics.code.tex")))
("C:\Program Files\MiKTeX\tex/generic/pgf/math\pgfmathfloat.code.tex"
\c@pgfmathroundto@lastzeros=\count275
))
("C:\Program Files\MiKTeX\tex/generic/pgf/math\pgfint.code.tex")
("C:\Program Files\MiKTeX\tex/generic/pgf/basiclayer\pgfcorepoints.code.tex"
File: pgfcorepoints.code.tex 2020/01/08 v3.1.5b (3.1.5b)
\pgf@picminx=\dimen176
\pgf@picmaxx=\dimen177
\pgf@picminy=\dimen178
\pgf@picmaxy=\dimen179
\pgf@pathminx=\dimen180
\pgf@pathmaxx=\dimen181
\pgf@pathminy=\dimen182
\pgf@pathmaxy=\dimen183
\pgf@xx=\dimen184
\pgf@xy=\dimen185
\pgf@yx=\dimen186
\pgf@yy=\dimen187
\pgf@zx=\dimen188
\pgf@zy=\dimen189
)
("C:\Program Files\MiKTeX\tex/generic/pgf/basiclayer\pgfcorepathconstruct.code.
tex"
File: pgfcorepathconstruct.code.tex 2020/01/08 v3.1.5b (3.1.5b)
\pgf@path@lastx=\dimen190
\pgf@path@lasty=\dimen191
)
("C:\Program Files\MiKTeX\tex/generic/pgf/basiclayer\pgfcorepathusage.code.tex"
File: pgfcorepathusage.code.tex 2020/01/08 v3.1.5b (3.1.5b)
\pgf@shorten@end@additional=\dimen192
\pgf@shorten@start@additional=\dimen193
) ("C:\Program Files\MiKTeX\tex/generic/pgf/basiclayer\pgfcorescopes.code.tex"
File: pgfcorescopes.code.tex 2020/01/08 v3.1.5b (3.1.5b)
\pgfpic=\box50
\pgf@hbox=\box51
\pgf@layerbox@main=\box52
\pgf@picture@serial@count=\count276
)
("C:\Program Files\MiKTeX\tex/generic/pgf/basiclayer\pgfcoregraphicstate.code.t
ex"
File: pgfcoregraphicstate.code.tex 2020/01/08 v3.1.5b (3.1.5b)
\pgflinewidth=\dimen194
)
("C:\Program Files\MiKTeX\tex/generic/pgf/basiclayer\pgfcoretransformations.cod
e.tex"
File: pgfcoretransformations.code.tex 2020/01/08 v3.1.5b (3.1.5b)
\pgf@pt@x=\dimen195
\pgf@pt@y=\dimen196
\pgf@pt@temp=\dimen197
)
("C:\Program Files\MiKTeX\tex/generic/pgf/basiclayer\pgfcorequick.code.tex"
File: pgfcorequick.code.tex 2020/01/08 v3.1.5b (3.1.5b)
)
("C:\Program Files\MiKTeX\tex/generic/pgf/basiclayer\pgfcoreobjects.code.tex"
File: pgfcoreobjects.code.tex 2020/01/08 v3.1.5b (3.1.5b)
)
("C:\Program Files\MiKTeX\tex/generic/pgf/basiclayer\pgfcorepathprocessing.code
.tex"
File: pgfcorepathprocessing.code.tex 2020/01/08 v3.1.5b (3.1.5b)
)
("C:\Program Files\MiKTeX\tex/generic/pgf/basiclayer\pgfcorearrows.code.tex"
File: pgfcorearrows.code.tex 2020/01/08 v3.1.5b (3.1.5b)
\pgfarrowsep=\dimen198
)
("C:\Program Files\MiKTeX\tex/generic/pgf/basiclayer\pgfcoreshade.code.tex"
File: pgfcoreshade.code.tex 2020/01/08 v3.1.5b (3.1.5b)
\pgf@max=\dimen199
\pgf@sys@shading@range@num=\count277
\pgf@shadingcount=\count278
)
("C:\Program Files\MiKTeX\tex/generic/pgf/basiclayer\pgfcoreimage.code.tex"
File: pgfcoreimage.code.tex 2020/01/08 v3.1.5b (3.1.5b)

("C:\Program Files\MiKTeX\tex/generic/pgf/basiclayer\pgfcoreexternal.code.tex"
File: pgfcoreexternal.code.tex 2020/01/08 v3.1.5b (3.1.5b)
\pgfexternal@startupbox=\box53
)) ("C:\Program Files\MiKTeX\tex/generic/pgf/basiclayer\pgfcorelayers.code.tex"
File: pgfcorelayers.code.tex 2020/01/08 v3.1.5b (3.1.5b)
)
("C:\Program Files\MiKTeX\tex/generic/pgf/basiclayer\pgfcoretransparency.code.t
ex"
File: pgfcoretransparency.code.tex 2020/01/08 v3.1.5b (3.1.5b)
)
("C:\Program Files\MiKTeX\tex/generic/pgf/basiclayer\pgfcorepatterns.code.tex"
File: pgfcorepatterns.code.tex 2020/01/08 v3.1.5b (3.1.5b)
) ("C:\Program Files\MiKTeX\tex/generic/pgf/basiclayer\pgfcorerdf.code.tex"
File: pgfcorerdf.code.tex 2020/01/08 v3.1.5b (3.1.5b)
)))
("C:\Program Files\MiKTeX\tex/generic/pgf/modules\pgfmoduleshapes.code.tex"
File: pgfmoduleshapes.code.tex 2020/01/08 v3.1.5b (3.1.5b)
\pgfnodeparttextbox=\box54
)
("C:\Program Files\MiKTeX\tex/generic/pgf/modules\pgfmoduleplot.code.tex"
File: pgfmoduleplot.code.tex 2020/01/08 v3.1.5b (3.1.5b)
)
("C:\Program Files\MiKTeX\tex/latex/pgf/compatibility\pgfcomp-version-0-65.sty"
Package: pgfcomp-version-0-65 2020/01/08 v3.1.5b (3.1.5b)
\pgf@nodesepstart=\dimen256
\pgf@nodesepend=\dimen257
) ("C:\Program Files\MiKTeX\tex/latex/pgf/compatibility\pgfcomp-version-1-18.st
y"
Package: pgfcomp-version-1-18 2020/01/08 v3.1.5b (3.1.5b)
)) (C:\Users\Yevhen\AppData\Roaming\MiKTeX\tex/latex/pgf-umlcd\pgf-umlcd.sty
Package: pgf-umlcd 2011/10/01 v0.3dev Some LaTeX macros for UML Class Diagrams.


("C:\Program Files\MiKTeX\tex/latex/pgf/frontendlayer\tikz.sty"
("C:\Program Files\MiKTeX\tex/latex/pgf/utilities\pgffor.sty"
("C:\Program Files\MiKTeX\tex/latex/pgf/utilities\pgfkeys.sty"
("C:\Program Files\MiKTeX\tex/generic/pgf/utilities\pgfkeys.code.tex"))
("C:\Program Files\MiKTeX\tex/latex/pgf/math\pgfmath.sty"
("C:\Program Files\MiKTeX\tex/generic/pgf/math\pgfmath.code.tex"))
("C:\Program Files\MiKTeX\tex/generic/pgf/utilities\pgffor.code.tex"
Package: pgffor 2020/01/08 v3.1.5b (3.1.5b)

("C:\Program Files\MiKTeX\tex/generic/pgf/math\pgfmath.code.tex")
\pgffor@iter=\dimen258
\pgffor@skip=\dimen259
\pgffor@stack=\toks38
\pgffor@toks=\toks39
))
("C:\Program Files\MiKTeX\tex/generic/pgf/frontendlayer/tikz\tikz.code.tex"
Package: tikz 2020/01/08 v3.1.5b (3.1.5b)

("C:\Program Files\MiKTeX\tex/generic/pgf/libraries\pgflibraryplothandlers.code
.tex"
File: pgflibraryplothandlers.code.tex 2020/01/08 v3.1.5b (3.1.5b)
\pgf@plot@mark@count=\count279
\pgfplotmarksize=\dimen260
)
\tikz@lastx=\dimen261
\tikz@lasty=\dimen262
\tikz@lastxsaved=\dimen263
\tikz@lastysaved=\dimen264
\tikz@lastmovetox=\dimen265
\tikz@lastmovetoy=\dimen266
\tikzleveldistance=\dimen267
\tikzsiblingdistance=\dimen268
\tikz@figbox=\box55
\tikz@figbox@bg=\box56
\tikz@tempbox=\box57
\tikz@tempbox@bg=\box58
\tikztreelevel=\count280
\tikznumberofchildren=\count281
\tikznumberofcurrentchild=\count282
\tikz@fig@count=\count283

("C:\Program Files\MiKTeX\tex/generic/pgf/modules\pgfmodulematrix.code.tex"
File: pgfmodulematrix.code.tex 2020/01/08 v3.1.5b (3.1.5b)
\pgfmatrixcurrentrow=\count284
\pgfmatrixcurrentcolumn=\count285
\pgf@matrix@numberofcolumns=\count286
)
\tikz@expandcount=\count287

("C:\Program Files\MiKTeX\tex/generic/pgf/frontendlayer/tikz/libraries\tikzlibr
arytopaths.code.tex"
File: tikzlibrarytopaths.code.tex 2020/01/08 v3.1.5b (3.1.5b)
)))
("C:\Program Files\MiKTeX\tex/generic/pgf/frontendlayer/tikz/libraries\tikzlibr
aryarrows.code.tex"
File: tikzlibraryarrows.code.tex 2020/01/08 v3.1.5b (3.1.5b)

("C:\Program Files\MiKTeX\tex/generic/pgf/libraries\pgflibraryarrows.code.tex"
File: pgflibraryarrows.code.tex 2020/01/08 v3.1.5b (3.1.5b)
\arrowsize=\dimen269
))
("C:\Program Files\MiKTeX\tex/generic/pgf/frontendlayer/tikz/libraries\tikzlibr
aryshapes.multipart.code.tex"
File: tikzlibraryshapes.multipart.code.tex 2020/01/08 v3.1.5b (3.1.5b)

("C:\Program Files\MiKTeX\tex/generic/pgf/libraries/shapes\pgflibraryshapes.mul
tipart.code.tex"
File: pgflibraryshapes.multipart.code.tex 2020/01/08 v3.1.5b (3.1.5b)
\pgfnodepartlowerbox=\box59
\pgfnodeparttwobox=\box60
\pgfnodepartthreebox=\box61
\pgfnodepartfourbox=\box62
\pgfnodeparttwentybox=\box63
\pgfnodepartnineteenbox=\box64
\pgfnodeparteighteenbox=\box65
\pgfnodepartseventeenbox=\box66
\pgfnodepartsixteenbox=\box67
\pgfnodepartfifteenbox=\box68
\pgfnodepartfourteenbox=\box69
\pgfnodepartthirteenbox=\box70
\pgfnodeparttwelvebox=\box71
\pgfnodepartelevenbox=\box72
\pgfnodeparttenbox=\box73
\pgfnodepartninebox=\box74
\pgfnodeparteightbox=\box75
\pgfnodepartsevenbox=\box76
\pgfnodepartsixbox=\box77
\pgfnodepartfivebox=\box78
))
("C:\Program Files\MiKTeX\tex/generic/pgf/frontendlayer/tikz/libraries\tikzlibr
arybackgrounds.code.tex"
File: tikzlibrarybackgrounds.code.tex 2020/01/08 v3.1.5b (3.1.5b)
\pgf@layerbox@background=\box79
\pgf@layerboxsaved@background=\box80
)
("C:\Program Files\MiKTeX\tex/generic/pgf/frontendlayer/tikz/libraries\tikzlibr
aryfit.code.tex"
File: tikzlibraryfit.code.tex 2020/01/08 v3.1.5b (3.1.5b)
)
\pgf@layerbox@connectionlayers=\box81
\pgf@layerboxsaved@connectionlayers=\box82
\c@umlcdClassAttributesNum=\count288
\c@umlcdClassOperationsNum=\count289
\c@umlcdClassAbstractClassNum=\count290
\c@umlcdClassInterfaceNum=\count291
\c@umlcdClassSplitPartNum=\count292
)
(C:\Users\Yevhen\AppData\Roaming\MiKTeX\tex/latex/pgf-umlsd\pgf-umlsd.sty
Package: pgf-umlsd 2011/07/27 v0.6 Some LaTeX macros for UML Sequence Diagrams.


("C:\Program Files\MiKTeX\tex/generic/pgf/frontendlayer/tikz/libraries\tikzlibr
aryshadows.code.tex"
File: tikzlibraryshadows.code.tex 2020/01/08 v3.1.5b (3.1.5b)

("C:\Program Files\MiKTeX\tex/generic/pgf/frontendlayer/tikz/libraries\tikzlibr
aryfadings.code.tex"
File: tikzlibraryfadings.code.tex 2020/01/08 v3.1.5b (3.1.5b)

("C:\Program Files\MiKTeX\tex/generic/pgf/libraries\pgflibraryfadings.code.tex"
File: pgflibraryfadings.code.tex 2020/01/08 v3.1.5b (3.1.5b)
))) ("C:\Program Files\MiKTeX\tex/latex/base\ifthen.sty"
Package: ifthen 2014/09/29 v1.1c Standard LaTeX ifthen package (DPC)
)
\c@preinst=\count293
\c@instnum=\count294
\c@threadnum=\count295
\c@seqlevel=\count296
\c@callevel=\count297
\c@callselflevel=\count298
\c@blocklevel=\count299
)
(C:\Users\Yevhen\AppData\Roaming\MiKTeX\tex/latex/markdown\markdown.sty
(C:\Users\Yevhen\AppData\Roaming\MiKTeX\tex/latex/xstring\xstring.sty
(C:\Users\Yevhen\AppData\Roaming\MiKTeX\tex/generic/xstring\xstring.tex
\integerpart=\count300
\decimalpart=\count301
)
Package: xstring 2021/07/21 v1.84 String manipulations (CT)
)
(C:\Users\Yevhen\AppData\Roaming\MiKTeX\tex/generic/markdown\markdown.tex
\markdownFrozenCacheCounter=\count302
\markdownInputFileStream=\read3
\markdownOutputFileStream=\write4
Package markdown Info: Using mode 0: Shell escape via write18 on input line 588
.
)
Package: markdown 2021/09/26 v2.11.0-0-g4505824 markdown renderer

(C:\Users\Yevhen\AppData\Roaming\MiKTeX\tex/latex/paralist\paralist.sty
Package: paralist 2017/01/22 v2.7 Extended list environments
\pltopsep=\skip69
\plpartopsep=\skip70
\plitemsep=\skip71
\plparsep=\skip72
\pl@lab=\toks40
)
(C:\Users\Yevhen\AppData\Roaming\MiKTeX\tex/latex/csvsimple\csvsimple.sty
("C:\Program Files\MiKTeX\tex/latex/l3packages/l3keys2e\l3keys2e.sty"
("C:\Program Files\MiKTeX\tex/latex/l3kernel\expl3.sty"
Package: expl3 2020-06-18 L3 programming layer (loader) 

("C:\Program Files\MiKTeX\tex/latex/l3backend\l3backend-pdfmode.def"
File: l3backend-pdfmode.def 2020-06-29 L3 backend support: PDF mode
\l__kernel_color_stack_int=\count303
\l__pdf_internal_box=\box83
))
Package: l3keys2e 2020-05-15 LaTeX2e option processing using LaTeX3 keys
)
Package: csvsimple 2021/09/09 v2.2.0 LaTeX CSV file processing
)
(C:\Users\Yevhen\AppData\Roaming\MiKTeX\tex/latex/csvsimple\csvsimple-legacy.st
y
Package: csvsimple-legacy 2021/09/09 version 2.2.0 LaTeX2e CSV file processing
 ("C:\Program Files\MiKTeX\tex/latex/etoolbox\etoolbox.sty"
Package: etoolbox 2019/09/21 v2.5h e-TeX tools for LaTeX (JAW)
\etb@tempcnta=\count304
)
("C:\Program Files\MiKTeX\tex/latex/tools\shellesc.sty"
Package: shellesc 2019/11/08 v1.0c unified shell escape interface for LaTeX
Package shellesc Info: Restricted shell escape enabled on input line 77.
)
\csv@file=\read4
\c@csvinputline=\count305
\c@csvrow=\count306
\c@csvcol=\count307
\csv@out=\write5
)
(C:\Users\Yevhen\AppData\Roaming\MiKTeX\tex/latex/fancyvrb\fancyvrb.sty
Package: fancyvrb 2021/10/15 v3.9 verbatim text (tvz,hv)
\FV@CodeLineNo=\count308
\FV@InFile=\read5
\FV@TabBox=\box84
\c@FancyVerbLine=\count309
\FV@StepNumber=\count310
\FV@OutFile=\write6
)
\markdownLaTeXCitationsCounter=\count311

(C:\Users\Yevhen\AppData\Roaming\MiKTeX\tex/latex/gobble\gobble.sty
Package: gobble 2019/01/04 v0.2 Provides more gobble macros

(C:\Users\Yevhen\AppData\Roaming\MiKTeX\tex/generic/gobble\gobble.tex))
\markdownLaTeXRowCounter=\count312
\markdownLaTeXRowTotal=\count313
\markdownLaTeXColumnCounter=\count314
\markdownLaTeXColumnTotal=\count315
\markdownLaTeXTable=\toks41
\markdownLaTeXTableAlignment=\toks42
\markdownLaTeXTableEnd=\toks43
)
(C:\Users\Yevhen\AppData\Roaming\MiKTeX\tex/latex/float\float.sty
Package: float 2001/11/08 v1.3d Float enhancements (AL)
\c@float@type=\count316
\float@exts=\toks44
\float@box=\box85
\@float@everytoks=\toks45
\@floatcapt=\box86
)
("C:\Program Files\MiKTeX\tex/generic/pgf/libraries\pgflibraryarrows.meta.code.
tex"
File: pgflibraryarrows.meta.code.tex 2020/01/08 v3.1.5b (3.1.5b)
\pgfarrowinset=\dimen270
\pgfarrowlength=\dimen271
\pgfarrowwidth=\dimen272
\pgfarrowlinewidth=\dimen273
)
("C:\Program Files\MiKTeX\tex/generic/pgf/frontendlayer/tikz/libraries\tikzlibr
aryautomata.code.tex"
File: tikzlibraryautomata.code.tex 2020/01/08 v3.1.5b (3.1.5b)
)
("C:\Program Files\MiKTeX\tex/generic/pgf/frontendlayer/tikz/libraries\tikzlibr
arycalc.code.tex"
File: tikzlibrarycalc.code.tex 2020/01/08 v3.1.5b (3.1.5b)
)
("C:\Program Files\MiKTeX\tex/generic/pgf/frontendlayer/tikz/libraries\tikzlibr
arycalendar.code.tex"
File: tikzlibrarycalendar.code.tex 2020/01/08 v3.1.5b (3.1.5b)

("C:\Program Files\MiKTeX\tex/latex/pgf/utilities\pgfcalendar.sty"
("C:\Program Files\MiKTeX\tex/generic/pgf/utilities\pgfcalendar.code.tex"
File: pgfcalendar.code.tex 2020/01/08 v3.1.5b (3.1.5b)

("C:\Program Files\MiKTeX\tex/generic/pgf/math\pgfint.code.tex")
\pgfcalendarcurrentjulian=\count317
\pgf@cal@easter@Y=\count318
\pgf@cal@easter@G=\count319
\pgf@cal@easter@C=\count320
\pgf@cal@easter@X=\count321
\pgf@cal@easter@Z=\count322
\pgf@cal@easter@D=\count323
\pgf@cal@easter@E=\count324
\pgf@cal@easter@N=\count325
\pgf@cal@easter@M=\count326
\pgf@cal@easter@julianday=\count327
)))
("C:\Program Files\MiKTeX\tex/generic/pgf/frontendlayer/tikz/libraries\tikzlibr
arydecorations.code.tex"
("C:\Program Files\MiKTeX\tex/generic/pgf/modules\pgfmoduledecorations.code.tex
"
\pgfdecoratedcompleteddistance=\dimen274
\pgfdecoratedremainingdistance=\dimen275
\pgfdecoratedinputsegmentcompleteddistance=\dimen276
\pgfdecoratedinputsegmentremainingdistance=\dimen277
\pgf@decorate@distancetomove=\dimen278
\pgf@decorate@repeatstate=\count328
\pgfdecorationsegmentamplitude=\dimen279
\pgfdecorationsegmentlength=\dimen280
)
\tikz@lib@dec@box=\box87
)
("C:\Program Files\MiKTeX\tex/generic/pgf/frontendlayer/tikz/libraries\tikzlibr
aryer.code.tex"
File: tikzlibraryer.code.tex 2020/01/08 v3.1.5b (3.1.5b)

("C:\Program Files\MiKTeX\tex/generic/pgf/frontendlayer/tikz/libraries\tikzlibr
aryshapes.geometric.code.tex"
File: tikzlibraryshapes.geometric.code.tex 2020/01/08 v3.1.5b (3.1.5b)

("C:\Program Files\MiKTeX\tex/generic/pgf/libraries/shapes\pgflibraryshapes.geo
metric.code.tex"
File: pgflibraryshapes.geometric.code.tex 2020/01/08 v3.1.5b (3.1.5b)
)))
("C:\Program Files\MiKTeX\tex/generic/pgf/frontendlayer/tikz/libraries\tikzlibr
aryfolding.code.tex"
File: tikzlibraryfolding.code.tex 2020/01/08 v3.1.5b (3.1.5b)
\tikz@lib@fold@length=\dimen281
)
("C:\Program Files\MiKTeX\tex/generic/pgf/frontendlayer/tikz/libraries\tikzlibr
aryintersections.code.tex"
("C:\Program Files\MiKTeX\tex/generic/pgf/libraries\pgflibraryintersections.cod
e.tex"
("C:\Program Files\MiKTeX\tex/generic/pgf/libraries\pgflibraryfpu.code.tex")
\pgf@intersect@solutions=\count329
))
("C:\Program Files\MiKTeX\tex/generic/pgf/frontendlayer/tikz/libraries\tikzlibr
arymatrix.code.tex"
File: tikzlibrarymatrix.code.tex 2020/01/08 v3.1.5b (3.1.5b)
)
("C:\Program Files\MiKTeX\tex/generic/pgf/frontendlayer/tikz/libraries\tikzlibr
arymindmap.code.tex"
File: tikzlibrarymindmap.code.tex 2020/01/08 v3.1.5b (3.1.5b)

("C:\Program Files\MiKTeX\tex/generic/pgf/frontendlayer/tikz/libraries\tikzlibr
arytrees.code.tex"
File: tikzlibrarytrees.code.tex 2020/01/08 v3.1.5b (3.1.5b)
))
("C:\Program Files\MiKTeX\tex/generic/pgf/frontendlayer/tikz/libraries\tikzlibr
arypatterns.code.tex"
File: tikzlibrarypatterns.code.tex 2020/01/08 v3.1.5b (3.1.5b)

("C:\Program Files\MiKTeX\tex/generic/pgf/libraries\pgflibrarypatterns.code.tex
"
File: pgflibrarypatterns.code.tex 2020/01/08 v3.1.5b (3.1.5b)
))
("C:\Program Files\MiKTeX\tex/generic/pgf/frontendlayer/tikz/libraries\tikzlibr
aryplothandlers.code.tex"
File: tikzlibraryplothandlers.code.tex 2020/01/08 v3.1.5b (3.1.5b)
)
("C:\Program Files\MiKTeX\tex/generic/pgf/frontendlayer/tikz/libraries\tikzlibr
aryplotmarks.code.tex"
File: tikzlibraryplotmarks.code.tex 2020/01/08 v3.1.5b (3.1.5b)

("C:\Program Files\MiKTeX\tex/generic/pgf/libraries\pgflibraryplotmarks.code.te
x"
File: pgflibraryplotmarks.code.tex 2020/01/08 v3.1.5b (3.1.5b)
))
("C:\Program Files\MiKTeX\tex/generic/pgf/frontendlayer/tikz/libraries\tikzlibr
aryshapes.code.tex"
File: tikzlibraryshapes.code.tex 2020/01/08 v3.1.5b (3.1.5b)

("C:\Program Files\MiKTeX\tex/generic/pgf/frontendlayer/tikz/libraries\tikzlibr
aryshapes.misc.code.tex"
File: tikzlibraryshapes.misc.code.tex 2020/01/08 v3.1.5b (3.1.5b)

("C:\Program Files\MiKTeX\tex/generic/pgf/libraries/shapes\pgflibraryshapes.mis
c.code.tex"
File: pgflibraryshapes.misc.code.tex 2020/01/08 v3.1.5b (3.1.5b)
))
("C:\Program Files\MiKTeX\tex/generic/pgf/frontendlayer/tikz/libraries\tikzlibr
aryshapes.symbols.code.tex"
File: tikzlibraryshapes.symbols.code.tex 2020/01/08 v3.1.5b (3.1.5b)

("C:\Program Files\MiKTeX\tex/generic/pgf/libraries/shapes\pgflibraryshapes.sym
bols.code.tex"
File: pgflibraryshapes.symbols.code.tex 2020/01/08 v3.1.5b (3.1.5b)
))
("C:\Program Files\MiKTeX\tex/generic/pgf/frontendlayer/tikz/libraries\tikzlibr
aryshapes.arrows.code.tex"
File: tikzlibraryshapes.arrows.code.tex 2020/01/08 v3.1.5b (3.1.5b)

("C:\Program Files\MiKTeX\tex/generic/pgf/libraries/shapes\pgflibraryshapes.arr
ows.code.tex"
File: pgflibraryshapes.arrows.code.tex 2020/01/08 v3.1.5b (3.1.5b)
))
("C:\Program Files\MiKTeX\tex/generic/pgf/frontendlayer/tikz/libraries\tikzlibr
aryshapes.callouts.code.tex"
("C:\Program Files\MiKTeX\tex/generic/pgf/libraries/shapes\pgflibraryshapes.cal
louts.code.tex")))) (PreTitle.tex) (main.aux)
\openout1 = `main.aux'.

LaTeX Font Info:    Checking defaults for OML/cmm/m/it on input line 7.
LaTeX Font Info:    ... okay on input line 7.
LaTeX Font Info:    Checking defaults for OMS/cmsy/m/n on input line 7.
LaTeX Font Info:    ... okay on input line 7.
LaTeX Font Info:    Checking defaults for OT1/cmr/m/n on input line 7.
LaTeX Font Info:    ... okay on input line 7.
LaTeX Font Info:    Checking defaults for T1/cmr/m/n on input line 7.
LaTeX Font Info:    ... okay on input line 7.
LaTeX Font Info:    Checking defaults for TS1/cmr/m/n on input line 7.
LaTeX Font Info:    ... okay on input line 7.
LaTeX Font Info:    Checking defaults for OMX/cmex/m/n on input line 7.
LaTeX Font Info:    ... okay on input line 7.
LaTeX Font Info:    Checking defaults for U/cmr/m/n on input line 7.
LaTeX Font Info:    ... okay on input line 7.
LaTeX Font Info:    Checking defaults for PD1/pdf/m/n on input line 7.
LaTeX Font Info:    ... okay on input line 7.
\AtBeginShipoutBox=\box88
Package hyperref Info: Link coloring OFF on input line 7.

("C:\Program Files\MiKTeX\tex/latex/hyperref\nameref.sty"
Package: nameref 2019/09/16 v2.46 Cross-referencing by name of section

(C:\Users\Yevhen\AppData\Roaming\MiKTeX\tex/latex/refcount\refcount.sty
Package: refcount 2019/12/15 v3.6 Data extraction from label references (HO)
)
(C:\Users\Yevhen\AppData\Roaming\MiKTeX\tex/generic/gettitlestring\gettitlestri
ng.sty
Package: gettitlestring 2019/12/15 v1.6 Cleanup title references (HO)
)
\c@section@level=\count330
)
LaTeX Info: Redefining \ref on input line 7.
LaTeX Info: Redefining \pageref on input line 7.
LaTeX Info: Redefining \nameref on input line 7.
 (main.out) (main.out)
\@outlinefile=\write7
\openout7 = `main.out'.

Package lastpage Info: Please have a look at the pageslts package at
(lastpage)             https://www.ctan.org/pkg/pageslts
(lastpage)             ! on input line 7.
 ABD: EveryShipout initializing macros
("C:\Program Files\MiKTeX\tex/context/base/mkii\supp-pdf.mkii"
[Loading MPS to PDF converter (version 2006.09.02).]
\scratchcounter=\count331
\scratchdimen=\dimen282
\scratchbox=\box89
\nofMPsegments=\count332
\nofMParguments=\count333
\everyMPshowfont=\toks46
\MPscratchCnt=\count334
\MPscratchDim=\dimen283
\MPnumerator=\count335
\makeMPintoPDFobject=\count336
\everyMPtoPDFconversion=\toks47
) ("C:\Program Files\MiKTeX\tex/latex/epstopdf-pkg\epstopdf-base.sty"
Package: epstopdf-base 2020-01-24 v2.11 Base part for package epstopdf
Package epstopdf-base Info: Redefining graphics rule for `.eps' on input line 4
85.
)
LaTeX Font Info:    Trying to load font information for U+msa on input line 10.


("C:\Program Files\MiKTeX\tex/latex/amsfonts\umsa.fd"
File: umsa.fd 2013/01/14 v3.01 AMS symbols A
)
LaTeX Font Info:    Trying to load font information for U+msb on input line 10.


("C:\Program Files\MiKTeX\tex/latex/amsfonts\umsb.fd"
File: umsb.fd 2013/01/14 v3.01 AMS symbols B
) [1

{C:/Users/Yevhen/AppData/Local/MiKTeX/pdftex/config/pdftex.map}] (main.toc)
\tf@toc=\write8
\openout8 = `main.toc'.

pdfTeX warning (ext4): destination with the same identifier (name{page.1}) has 
been already used, duplicate ignored
<to be read again> 
                   \relax 
l.14 \newpage
              [1] (introduktion.tex) (Part1-4.tex
<figures/Windmill_10s.png, id=95, 421.575pt x 316.18124pt>
File: figures/Windmill_10s.png Graphic file (type png)
<use figures/Windmill_10s.png>
Package pdftex.def Info: figures/Windmill_10s.png  used on input line 9.
(pdftex.def)             Requested size: 345.0pt x 258.75406pt.
 [2pdfTeX warning (ext4): destination with the same identifier (name{figure.1})
 has been already used, duplicate ignored

\AtBegShi@Output ...ipout \box \AtBeginShipoutBox 
                                                  \fi \fi 
l.22 \end{equation}
                    <./figures/Windmill_10s.png (PNG copy)>]
<figures/pcFan_10s.png, id=105, 421.575pt x 316.18124pt>
File: figures/pcFan_10s.png Graphic file (type png)
<use figures/pcFan_10s.png>
Package pdftex.def Info: figures/pcFan_10s.png  used on input line 27.
(pdftex.def)             Requested size: 345.0pt x 258.75406pt.
 [3pdfTeX warning (ext4): destination with the same identifier (name{figure.2})
 has been already used, duplicate ignored

\AtBegShi@Output ...ipout \box \AtBeginShipoutBox 
                                                  \fi \fi 
l.32 \newpage
              <./figures/pcFan_10s.png (PNG copy)>]
<figures/Windmill_frekvens.png, id=113, 421.575pt x 316.18124pt>
File: figures/Windmill_frekvens.png Graphic file (type png)
<use figures/Windmill_frekvens.png>
Package pdftex.def Info: figures/Windmill_frekvens.png  used on input line 40.
(pdftex.def)             Requested size: 276.00105pt x 207.00615pt.
<figures/pcFan_frekvens.png, id=114, 421.575pt x 316.18124pt>
File: figures/pcFan_frekvens.png Graphic file (type png)
<use figures/pcFan_frekvens.png>
Package pdftex.def Info: figures/pcFan_frekvens.png  used on input line 47.
(pdftex.def)             Requested size: 276.00105pt x 207.00615pt.


LaTeX Warning: `h' float specifier changed to `ht'.


Underfull \hbox (badness 10000) in paragraph at lines 65--66

 []


Underfull \hbox (badness 10000) in paragraph at lines 67--68

 []

[4pdfTeX warning (ext4): destination with the same identifier (name{figure.3}) 
has been already used, duplicate ignored

\AtBegShi@Output ...ipout \box \AtBeginShipoutBox 
                                                  \fi \fi 
l.70 
      <./figures/Windmill_frekvens.png (PNG copy)>]
Underfull \hbox (badness 10000) in paragraph at lines 74--75

 []

)
Overfull \hbox (6.36165pt too wide) in paragraph at lines 76--18
[]\OT1/cmr/m/n/10 For vindmllen viser det malte en-ergi forhold at det meste 
en-ergi er i frekvenser
 []

(Part5-6.tex
<figures/opgave5_1.png, id=123, 625.1355pt x 499.8675pt>
File: figures/opgave5_1.png Graphic file (type png)
<use figures/opgave5_1.png>
Package pdftex.def Info: figures/opgave5_1.png  used on input line 8.
(pdftex.def)             Requested size: 345.0pt x 275.86613pt.
 [5pdfTeX warning (ext4): destination with the same identifier (name{figure.4})
 has been already used, duplicate ignored

\AtBegShi@Output ...ipout \box \AtBeginShipoutBox 
                                                  \fi \fi 
l.11 \end{figure}
                  <./figures/pcFan_frekvens.png (PNG copy)>]
<figures/DTFM.png, id=131, 145.7445pt x 203.5605pt>
File: figures/DTFM.png Graphic file (type png)
<use figures/DTFM.png>
Package pdftex.def Info: figures/DTFM.png  used on input line 17.
(pdftex.def)             Requested size: 103.50105pt x 144.56001pt.

Underfull \hbox (badness 10000) in paragraph at lines 18--18
[]\OT1/cmr/m/n/10 Figure 6: []Blandings ma-tri-cen for DTMF toner
 []

[6pdfTeX warning (ext4): destination with the same identifier (name{figure.5}) 
has been already used, duplicate ignored

\AtBegShi@Output ...ipout \box \AtBeginShipoutBox 
                                                  \fi \fi 
l.21 
      <./figures/opgave5_1.png>]
<figures/opgave5_zoom_1.png, id=141, 623.931pt x 496.254pt>
File: figures/opgave5_zoom_1.png Graphic file (type png)
<use figures/opgave5_zoom_1.png>
Package pdftex.def Info: figures/opgave5_zoom_1.png  used on input line 26.
(pdftex.def)             Requested size: 345.0pt x 274.40955pt.
 [7pdfTeX warning (ext4): destination with the same identifier (name{figure.6})
 has been already used, duplicate ignored

\AtBegShi@Output ...ipout \box \AtBeginShipoutBox 
                                                  \fi \fi 
l.30 
      <./figures/DTFM.png>]
<figures/opgave6_kom_1.png, id=149, 582.978pt x 464.33475pt>
File: figures/opgave6_kom_1.png Graphic file (type png)
<use figures/opgave6_kom_1.png>
Package pdftex.def Info: figures/opgave6_kom_1.png  used on input line 40.
(pdftex.def)             Requested size: 345.0pt x 274.79117pt.
 [8pdfTeX warning (ext4): destination with the same identifier (name{figure.7})
 has been already used, duplicate ignored

\AtBegShi@Output ...ipout \box \AtBeginShipoutBox 
                                                  \fi \fi 
l.44 
      <./figures/opgave5_zoom_1.png>]
<figures/opgave6_vinglas_1.png, id=155, 588.39825pt x 464.937pt>
File: figures/opgave6_vinglas_1.png Graphic file (type png)
<use figures/opgave6_vinglas_1.png>
Package pdftex.def Info: figures/opgave6_vinglas_1.png  used on input line 47.
(pdftex.def)             Requested size: 345.0pt x 272.61488pt.
 [9pdfTeX warning (ext4): destination with the same identifier (name{figure.8})
 has been already used, duplicate ignored

\AtBegShi@Output ...ipout \box \AtBeginShipoutBox 
                                                  \fi \fi 
l.51 
      <./figures/opgave6_kom_1.png>]
<figures/opgave6_musik_1.png, id=162, 564.30824pt x 475.7775pt>
File: figures/opgave6_musik_1.png Graphic file (type png)
<use figures/opgave6_musik_1.png>
Package pdftex.def Info: figures/opgave6_musik_1.png  used on input line 54.
(pdftex.def)             Requested size: 345.0pt x 290.88448pt.
 [10pdfTeX warning (ext4): destination with the same identifier (name{figure.9}
) has been already used, duplicate ignored

\AtBegShi@Output ...ipout \box \AtBeginShipoutBox 
                                                  \fi \fi 
l.58 
      <./figures/opgave6_vinglas_1.png>]) (Lyons.tex [11pdfTeX warning (ext4): 
destination with the same identifier (name{figure.10}) has been already used, d
uplicate ignored

\AtBegShi@Output ...ipout \box \AtBeginShipoutBox 
                                                  \fi \fi 
l.10 \end{align}
                 <./figures/opgave6_musik_1.png>] [12]
<figures/SampleMag.png, id=198, 405.76593pt x 94.85437pt>
File: figures/SampleMag.png Graphic file (type png)
<use figures/SampleMag.png>
Package pdftex.def Info: figures/SampleMag.png  used on input line 44.
(pdftex.def)             Requested size: 345.0pt x 80.65118pt.
<figures/LogSampleMag.png, id=202, 390.70969pt x 93.34875pt>
File: figures/LogSampleMag.png Graphic file (type png)
<use figures/LogSampleMag.png>
Package pdftex.def Info: figures/LogSampleMag.png  used on input line 70.
(pdftex.def)             Requested size: 345.0pt x 82.43202pt.
 [13pdfTeX warning (ext4): destination with the same identifier (name{figure.11
}) has been already used, duplicate ignored

\AtBegShi@Output ...ipout \box \AtBeginShipoutBox 
                                                  \fi \fi 
l.81 \end{align}
                pdfTeX warning (ext4): destination with the same identifier (na
me{figure.12}) has been already used, duplicate ignored

\AtBegShi@Output ...ipout \box \AtBeginShipoutBox 
                                                  \fi \fi 
l.81 \end{align}
                 <./figures/SampleMag.png (PNG copy)> <./figures/LogSampleMag.p
ng (PNG copy)>] [14]) 
AED: lastpage setting LastPage
[15]
Package atveryend Info: Empty hook `BeforeClearDocument' on input line 23.
Package atveryend Info: Empty hook `AfterLastShipout' on input line 23.
 (main.aux)
Package atveryend Info: Executing hook `AtVeryEndDocument' on input line 23.
Package atveryend Info: Executing hook `AtEndAfterFileList' on input line 23.


Package rerunfilecheck Warning: File `main.out' has changed.
(rerunfilecheck)                Rerun to get outlines right
(rerunfilecheck)                or use package `bookmark'.

Package rerunfilecheck Info: Checksums for `main.out':
(rerunfilecheck)             Before: A196E2CFDD6D9E9AB6F675C7D597C900;452
(rerunfilecheck)             After:  EB49A9F0A53F88A838A8BB716291AADE;501.

LaTeX Warning: Label(s) may have changed. Rerun to get cross-references right.

Package atveryend Info: Empty hook `AtVeryVeryEnd' on input line 23.
 ) 
Here is how much of TeX's memory you used:
 25341 strings out of 480790
 526845 string characters out of 2907052
 811854 words of memory out of 3000000
 40727 multiletter control sequences out of 15000+200000
 541807 words of font info for 60 fonts, out of 3000000 for 9000
 1141 hyphenation exceptions out of 8191
 55i,12n,85p,953b,350s stack positions out of 5000i,500n,10000p,200000b,50000s
pdfTeX warning (dest): name{equation.8.4} has been referenced but does not ex
ist, replaced by a fixed one

pdfTeX warning (dest): name{equation.7.3} has been referenced but does not exis
t, replaced by a fixed one

pdfTeX warning (dest): name{equation.7.2} has been referenced but does not exis
t, replaced by a fixed one

pdfTeX warning (dest): name{equation.7.1} has been referenced but does not exis
t, replaced by a fixed one

pdfTeX warning (dest): name{subsection.6.1} has been referenced but does not ex
ist, replaced by a fixed one

<C:/Program Files/MiKTeX/fonts/type1/public/amsfonts/cm/cmbx10.pfb><C:/Program 
Files/MiKTeX/fonts/type1/public/amsfonts/cm/cmbx12.pfb><C:/Program Files/MiKTeX
/fonts/type1/public/amsfonts/cm/cmex10.pfb><C:/Program Files/MiKTeX/fonts/type1
/public/amsfonts/cm/cmmi10.pfb><C:/Program Files/MiKTeX/fonts/type1/public/amsf
onts/cm/cmmi5.pfb><C:/Program Files/MiKTeX/fonts/type1/public/amsfonts/cm/cmmi7
.pfb><C:/Program Files/MiKTeX/fonts/type1/public/amsfonts/cm/cmr10.pfb><C:/Prog
ram Files/MiKTeX/fonts/type1/public/amsfonts/cm/cmr17.pfb><C:/Program Files/MiK
TeX/fonts/type1/public/amsfonts/cm/cmr7.pfb><C:/Program Files/MiKTeX/fonts/type
1/public/amsfonts/cm/cmsy10.pfb><C:/Program Files/MiKTeX/fonts/type1/public/ams
fonts/cm/cmsy7.pfb><C:/Program Files/MiKTeX/fonts/type1/public/amsfonts/cm/cmti
10.pfb><C:/Program Files/MiKTeX/fonts/type1/public/amsfonts/symbols/msbm10.pfb>
Output written on main.pdf (16 pages, 755065 bytes).
PDF statistics:
 277 PDF objects out of 1000 (max. 8388607)
 49 named destinations out of 1000 (max. 500000)
 249 words of extra memory for PDF output out of 10000 (max. 10000000)

